<?xml version="1.0" encoding="UTF-8"?>
<testsuite xmlns:xsi="http://www.w3.org/2001/XMLSchema-instance" xsi:noNamespaceSchemaLocation="https://maven.apache.org/surefire/maven-surefire-plugin/xsd/surefire-test-report.xsd" name="com.ISCAS.OneBeltOneRoad.dao.GisDataDaoTest" time="0.59" tests="2" errors="0" skipped="1" failures="0">
  <properties>
    <property name="sun.desktop" value="windows"/>
    <property name="awt.toolkit" value="sun.awt.windows.WToolkit"/>
    <property name="file.encoding.pkg" value="sun.io"/>
    <property name="java.specification.version" value="1.8"/>
    <property name="sun.cpu.isalist" value="amd64"/>
    <property name="sun.jnu.encoding" value="GBK"/>
    <property name="java.class.path" value="E:\code\OneBeltOneRoad\target\test-classes;E:\code\OneBeltOneRoad\target\classes;E:\maven\LocalWarehouse\junit\junit\4.12\junit-4.12.jar;E:\maven\LocalWarehouse\org\hamcrest\hamcrest-core\1.3\hamcrest-core-1.3.jar;E:\maven\LocalWarehouse\org\springframework\spring-core\4.3.7.RELEASE\spring-core-4.3.7.RELEASE.jar;E:\maven\LocalWarehouse\commons-logging\commons-logging\1.2\commons-logging-1.2.jar;E:\maven\LocalWarehouse\org\springframework\spring-beans\4.3.7.RELEASE\spring-beans-4.3.7.RELEASE.jar;E:\maven\LocalWarehouse\org\springframework\spring-context\4.3.7.RELEASE\spring-context-4.3.7.RELEASE.jar;E:\maven\LocalWarehouse\org\springframework\spring-aop\4.3.7.RELEASE\spring-aop-4.3.7.RELEASE.jar;E:\maven\LocalWarehouse\org\springframework\spring-expression\4.3.7.RELEASE\spring-expression-4.3.7.RELEASE.jar;E:\maven\LocalWarehouse\org\springframework\spring-jdbc\4.3.7.RELEASE\spring-jdbc-4.3.7.RELEASE.jar;E:\maven\LocalWarehouse\org\springframework\spring-tx\4.3.7.RELEASE\spring-tx-4.3.7.RELEASE.jar;E:\maven\LocalWarehouse\org\springframework\spring-web\4.3.7.RELEASE\spring-web-4.3.7.RELEASE.jar;E:\maven\LocalWarehouse\org\springframework\spring-webmvc\4.3.7.RELEASE\spring-webmvc-4.3.7.RELEASE.jar;E:\maven\LocalWarehouse\org\springframework\spring-test\4.3.7.RELEASE\spring-test-4.3.7.RELEASE.jar;E:\maven\LocalWarehouse\javax\servlet\javax.servlet-api\3.1.0\javax.servlet-api-3.1.0.jar;E:\maven\LocalWarehouse\com\fasterxml\jackson\core\jackson-databind\2.8.7\jackson-databind-2.8.7.jar;E:\maven\LocalWarehouse\com\fasterxml\jackson\core\jackson-annotations\2.8.0\jackson-annotations-2.8.0.jar;E:\maven\LocalWarehouse\com\fasterxml\jackson\core\jackson-core\2.8.7\jackson-core-2.8.7.jar;E:\maven\LocalWarehouse\commons-collections\commons-collections\3.2\commons-collections-3.2.jar;E:\maven\LocalWarehouse\org\apache\commons\commons-lang3\3.0\commons-lang3-3.0.jar;E:\maven\LocalWarehouse\org\mybatis\mybatis\3.4.2\mybatis-3.4.2.jar;E:\maven\LocalWarehouse\org\mybatis\mybatis-spring\1.3.1\mybatis-spring-1.3.1.jar;E:\maven\LocalWarehouse\mysql\mysql-connector-java\8.0.11\mysql-connector-java-8.0.11.jar;E:\maven\LocalWarehouse\com\google\protobuf\protobuf-java\2.6.0\protobuf-java-2.6.0.jar;E:\maven\LocalWarehouse\c3p0\c3p0\0.9.1.2\c3p0-0.9.1.2.jar;E:\maven\LocalWarehouse\net\coobird\thumbnailator\0.4.8\thumbnailator-0.4.8.jar;E:\maven\LocalWarehouse\com\github\penggle\kaptcha\2.3.2\kaptcha-2.3.2.jar;E:\maven\LocalWarehouse\com\jhlabs\filters\2.0.235-1\filters-2.0.235-1.jar;E:\maven\LocalWarehouse\commons-fileupload\commons-fileupload\1.3.2\commons-fileupload-1.3.2.jar;E:\maven\LocalWarehouse\org\quartz-scheduler\quartz\2.3.0\quartz-2.3.0.jar;E:\maven\LocalWarehouse\com\mchange\c3p0\0.9.5.2\c3p0-0.9.5.2.jar;E:\maven\LocalWarehouse\com\mchange\mchange-commons-java\0.2.11\mchange-commons-java-0.2.11.jar;E:\maven\LocalWarehouse\com\zaxxer\HikariCP-java6\2.3.13\HikariCP-java6-2.3.13.jar;E:\maven\LocalWarehouse\org\slf4j\slf4j-api\1.7.7\slf4j-api-1.7.7.jar;E:\maven\LocalWarehouse\org\springframework\spring-context-support\4.3.7.RELEASE\spring-context-support-4.3.7.RELEASE.jar;E:\maven\LocalWarehouse\org\apache\poi\poi\3.16\poi-3.16.jar;E:\maven\LocalWarehouse\commons-codec\commons-codec\1.10\commons-codec-1.10.jar;E:\maven\LocalWarehouse\org\apache\commons\commons-collections4\4.1\commons-collections4-4.1.jar;E:\maven\LocalWarehouse\org\apache\poi\poi-ooxml\3.14\poi-ooxml-3.14.jar;E:\maven\LocalWarehouse\org\apache\poi\poi-ooxml-schemas\3.14\poi-ooxml-schemas-3.14.jar;E:\maven\LocalWarehouse\org\apache\xmlbeans\xmlbeans\2.6.0\xmlbeans-2.6.0.jar;E:\maven\LocalWarehouse\stax\stax-api\1.0.1\stax-api-1.0.1.jar;E:\maven\LocalWarehouse\com\github\virtuald\curvesapi\1.03\curvesapi-1.03.jar;E:\maven\LocalWarehouse\net\sourceforge\jexcelapi\jxl\2.6.10\jxl-2.6.10.jar;E:\maven\LocalWarehouse\log4j\log4j\1.2.14\log4j-1.2.14.jar;E:\maven\LocalWarehouse\org\json\json\20160810\json-20160810.jar;E:\maven\LocalWarehouse\commons-io\commons-io\2.4\commons-io-2.4.jar;E:\maven\LocalWarehouse\com\auth0\java-jwt\2.2.0\java-jwt-2.2.0.jar;E:\maven\LocalWarehouse\io\jsonwebtoken\jjwt\0.6.0\jjwt-0.6.0.jar;E:\maven\LocalWarehouse\org\postgresql\postgresql\9.4.1212\postgresql-9.4.1212.jar;E:\maven\LocalWarehouse\javax\validation\validation-api\2.0.1.Final\validation-api-2.0.1.Final.jar;E:\maven\LocalWarehouse\org\hibernate\hibernate-validator\5.2.4.Final\hibernate-validator-5.2.4.Final.jar;E:\maven\LocalWarehouse\org\jboss\logging\jboss-logging\3.2.1.Final\jboss-logging-3.2.1.Final.jar;E:\maven\LocalWarehouse\com\fasterxml\classmate\1.1.0\classmate-1.1.0.jar;E:\maven\LocalWarehouse\com\google\guava\guava\r05\guava-r05.jar;E:\maven\LocalWarehouse\org\projectlombok\lombok\1.18.2\lombok-1.18.2.jar;E:\maven\LocalWarehouse\cglib\cglib-nodep\3.2.4\cglib-nodep-3.2.4.jar;E:\maven\LocalWarehouse\commons-beanutils\commons-beanutils\1.9.3\commons-beanutils-1.9.3.jar;E:\maven\LocalWarehouse\com\alibaba\druid\1.1.12\druid-1.1.12.jar;"/>
    <property name="java.vm.vendor" value="Oracle Corporation"/>
    <property name="sun.arch.data.model" value="64"/>
    <property name="user.variant" value=""/>
    <property name="java.vendor.url" value="http://java.oracle.com/"/>
    <property name="user.timezone" value=""/>
    <property name="java.vm.specification.version" value="1.8"/>
    <property name="os.name" value="Windows 7"/>
    <property name="user.country" value="CN"/>
    <property name="sun.java.launcher" value="SUN_STANDARD"/>
    <property name="sun.boot.library.path" value="E:\javase\jre\bin"/>
    <property name="sun.java.command" value="C:\Users\qsq\AppData\Local\Temp\surefire6431848048523292413\surefirebooter109428349218932583.jar C:\Users\qsq\AppData\Local\Temp\surefire6431848048523292413 2019-03-14T17-31-40_342-jvmRun1 surefire2281217786037622183tmp surefire_04310361018713260676tmp"/>
    <property name="surefire.test.class.path" value="E:\code\OneBeltOneRoad\target\test-classes;E:\code\OneBeltOneRoad\target\classes;E:\maven\LocalWarehouse\junit\junit\4.12\junit-4.12.jar;E:\maven\LocalWarehouse\org\hamcrest\hamcrest-core\1.3\hamcrest-core-1.3.jar;E:\maven\LocalWarehouse\org\springframework\spring-core\4.3.7.RELEASE\spring-core-4.3.7.RELEASE.jar;E:\maven\LocalWarehouse\commons-logging\commons-logging\1.2\commons-logging-1.2.jar;E:\maven\LocalWarehouse\org\springframework\spring-beans\4.3.7.RELEASE\spring-beans-4.3.7.RELEASE.jar;E:\maven\LocalWarehouse\org\springframework\spring-context\4.3.7.RELEASE\spring-context-4.3.7.RELEASE.jar;E:\maven\LocalWarehouse\org\springframework\spring-aop\4.3.7.RELEASE\spring-aop-4.3.7.RELEASE.jar;E:\maven\LocalWarehouse\org\springframework\spring-expression\4.3.7.RELEASE\spring-expression-4.3.7.RELEASE.jar;E:\maven\LocalWarehouse\org\springframework\spring-jdbc\4.3.7.RELEASE\spring-jdbc-4.3.7.RELEASE.jar;E:\maven\LocalWarehouse\org\springframework\spring-tx\4.3.7.RELEASE\spring-tx-4.3.7.RELEASE.jar;E:\maven\LocalWarehouse\org\springframework\spring-web\4.3.7.RELEASE\spring-web-4.3.7.RELEASE.jar;E:\maven\LocalWarehouse\org\springframework\spring-webmvc\4.3.7.RELEASE\spring-webmvc-4.3.7.RELEASE.jar;E:\maven\LocalWarehouse\org\springframework\spring-test\4.3.7.RELEASE\spring-test-4.3.7.RELEASE.jar;E:\maven\LocalWarehouse\javax\servlet\javax.servlet-api\3.1.0\javax.servlet-api-3.1.0.jar;E:\maven\LocalWarehouse\com\fasterxml\jackson\core\jackson-databind\2.8.7\jackson-databind-2.8.7.jar;E:\maven\LocalWarehouse\com\fasterxml\jackson\core\jackson-annotations\2.8.0\jackson-annotations-2.8.0.jar;E:\maven\LocalWarehouse\com\fasterxml\jackson\core\jackson-core\2.8.7\jackson-core-2.8.7.jar;E:\maven\LocalWarehouse\commons-collections\commons-collections\3.2\commons-collections-3.2.jar;E:\maven\LocalWarehouse\org\apache\commons\commons-lang3\3.0\commons-lang3-3.0.jar;E:\maven\LocalWarehouse\org\mybatis\mybatis\3.4.2\mybatis-3.4.2.jar;E:\maven\LocalWarehouse\org\mybatis\mybatis-spring\1.3.1\mybatis-spring-1.3.1.jar;E:\maven\LocalWarehouse\mysql\mysql-connector-java\8.0.11\mysql-connector-java-8.0.11.jar;E:\maven\LocalWarehouse\com\google\protobuf\protobuf-java\2.6.0\protobuf-java-2.6.0.jar;E:\maven\LocalWarehouse\c3p0\c3p0\0.9.1.2\c3p0-0.9.1.2.jar;E:\maven\LocalWarehouse\net\coobird\thumbnailator\0.4.8\thumbnailator-0.4.8.jar;E:\maven\LocalWarehouse\com\github\penggle\kaptcha\2.3.2\kaptcha-2.3.2.jar;E:\maven\LocalWarehouse\com\jhlabs\filters\2.0.235-1\filters-2.0.235-1.jar;E:\maven\LocalWarehouse\commons-fileupload\commons-fileupload\1.3.2\commons-fileupload-1.3.2.jar;E:\maven\LocalWarehouse\org\quartz-scheduler\quartz\2.3.0\quartz-2.3.0.jar;E:\maven\LocalWarehouse\com\mchange\c3p0\0.9.5.2\c3p0-0.9.5.2.jar;E:\maven\LocalWarehouse\com\mchange\mchange-commons-java\0.2.11\mchange-commons-java-0.2.11.jar;E:\maven\LocalWarehouse\com\zaxxer\HikariCP-java6\2.3.13\HikariCP-java6-2.3.13.jar;E:\maven\LocalWarehouse\org\slf4j\slf4j-api\1.7.7\slf4j-api-1.7.7.jar;E:\maven\LocalWarehouse\org\springframework\spring-context-support\4.3.7.RELEASE\spring-context-support-4.3.7.RELEASE.jar;E:\maven\LocalWarehouse\org\apache\poi\poi\3.16\poi-3.16.jar;E:\maven\LocalWarehouse\commons-codec\commons-codec\1.10\commons-codec-1.10.jar;E:\maven\LocalWarehouse\org\apache\commons\commons-collections4\4.1\commons-collections4-4.1.jar;E:\maven\LocalWarehouse\org\apache\poi\poi-ooxml\3.14\poi-ooxml-3.14.jar;E:\maven\LocalWarehouse\org\apache\poi\poi-ooxml-schemas\3.14\poi-ooxml-schemas-3.14.jar;E:\maven\LocalWarehouse\org\apache\xmlbeans\xmlbeans\2.6.0\xmlbeans-2.6.0.jar;E:\maven\LocalWarehouse\stax\stax-api\1.0.1\stax-api-1.0.1.jar;E:\maven\LocalWarehouse\com\github\virtuald\curvesapi\1.03\curvesapi-1.03.jar;E:\maven\LocalWarehouse\net\sourceforge\jexcelapi\jxl\2.6.10\jxl-2.6.10.jar;E:\maven\LocalWarehouse\log4j\log4j\1.2.14\log4j-1.2.14.jar;E:\maven\LocalWarehouse\org\json\json\20160810\json-20160810.jar;E:\maven\LocalWarehouse\commons-io\commons-io\2.4\commons-io-2.4.jar;E:\maven\LocalWarehouse\com\auth0\java-jwt\2.2.0\java-jwt-2.2.0.jar;E:\maven\LocalWarehouse\io\jsonwebtoken\jjwt\0.6.0\jjwt-0.6.0.jar;E:\maven\LocalWarehouse\org\postgresql\postgresql\9.4.1212\postgresql-9.4.1212.jar;E:\maven\LocalWarehouse\javax\validation\validation-api\2.0.1.Final\validation-api-2.0.1.Final.jar;E:\maven\LocalWarehouse\org\hibernate\hibernate-validator\5.2.4.Final\hibernate-validator-5.2.4.Final.jar;E:\maven\LocalWarehouse\org\jboss\logging\jboss-logging\3.2.1.Final\jboss-logging-3.2.1.Final.jar;E:\maven\LocalWarehouse\com\fasterxml\classmate\1.1.0\classmate-1.1.0.jar;E:\maven\LocalWarehouse\com\google\guava\guava\r05\guava-r05.jar;E:\maven\LocalWarehouse\org\projectlombok\lombok\1.18.2\lombok-1.18.2.jar;E:\maven\LocalWarehouse\cglib\cglib-nodep\3.2.4\cglib-nodep-3.2.4.jar;E:\maven\LocalWarehouse\commons-beanutils\commons-beanutils\1.9.3\commons-beanutils-1.9.3.jar;E:\maven\LocalWarehouse\com\alibaba\druid\1.1.12\druid-1.1.12.jar;"/>
    <property name="sun.cpu.endian" value="little"/>
    <property name="user.home" value="C:\Users\qsq"/>
    <property name="user.language" value="zh"/>
    <property name="java.specification.vendor" value="Oracle Corporation"/>
    <property name="java.home" value="E:\javase\jre"/>
    <property name="basedir" value="E:\code\OneBeltOneRoad"/>
    <property name="file.separator" value="\"/>
    <property name="line.separator" value="&#10;"/>
    <property name="java.vm.specification.vendor" value="Oracle Corporation"/>
    <property name="java.specification.name" value="Java Platform API Specification"/>
    <property name="java.awt.graphicsenv" value="sun.awt.Win32GraphicsEnvironment"/>
    <property name="surefire.real.class.path" value="C:\Users\qsq\AppData\Local\Temp\surefire6431848048523292413\surefirebooter109428349218932583.jar"/>
    <property name="sun.boot.class.path" value="E:\javase\jre\lib\resources.jar;E:\javase\jre\lib\rt.jar;E:\javase\jre\lib\sunrsasign.jar;E:\javase\jre\lib\jsse.jar;E:\javase\jre\lib\jce.jar;E:\javase\jre\lib\charsets.jar;E:\javase\jre\lib\jfr.jar;E:\javase\jre\classes"/>
    <property name="user.script" value=""/>
    <property name="sun.management.compiler" value="HotSpot 64-Bit Tiered Compilers"/>
    <property name="java.runtime.version" value="1.8.0_131-b11"/>
    <property name="user.name" value="qsq"/>
    <property name="path.separator" value=";"/>
    <property name="os.version" value="6.1"/>
    <property name="java.endorsed.dirs" value="E:\javase\jre\lib\endorsed"/>
    <property name="java.runtime.name" value="Java(TM) SE Runtime Environment"/>
    <property name="file.encoding" value="GBK"/>
    <property name="java.vm.name" value="Java HotSpot(TM) 64-Bit Server VM"/>
    <property name="localRepository" value="E:\maven\LocalWarehouse"/>
    <property name="java.vendor.url.bug" value="http://bugreport.sun.com/bugreport/"/>
    <property name="java.io.tmpdir" value="C:\Users\qsq\AppData\Local\Temp\"/>
    <property name="idea.version" value="2018.1.3"/>
    <property name="java.version" value="1.8.0_131"/>
    <property name="user.dir" value="E:\code\OneBeltOneRoad"/>
    <property name="os.arch" value="amd64"/>
    <property name="java.vm.specification.name" value="Java Virtual Machine Specification"/>
    <property name="java.awt.printerjob" value="sun.awt.windows.WPrinterJob"/>
    <property name="sun.os.patch.level" value="Service Pack 1"/>
    <property name="java.library.path" value="E:\javase\jre\bin;C:\Windows\Sun\Java\bin;C:\Windows\system32;C:\Windows;C:\ProgramData\Oracle\Java\javapath;C:\Windows\system32;C:\Windows;C:\Windows\System32\Wbem;C:\Windows\System32\WindowsPowerShell\v1.0\;E:\javase\bin;E:\Git\cmd;E:\Git\usr\bin;E:\Git\bin;E:\apache-maven-3.3.9\bin;E:\PostgreSQL\pg11\bin;C:\PostgreSQL\pg11\bin;."/>
    <property name="java.vm.info" value="mixed mode"/>
    <property name="java.vendor" value="Oracle Corporation"/>
    <property name="java.vm.version" value="25.131-b11"/>
    <property name="java.ext.dirs" value="E:\javase\jre\lib\ext;C:\Windows\Sun\Java\lib\ext"/>
    <property name="sun.io.unicode.encoding" value="UnicodeLittle"/>
    <property name="java.class.version" value="52.0"/>
  </properties>
  <testcase name="queryBrAnnotationDataLayerFeaturesTest" classname="com.ISCAS.OneBeltOneRoad.dao.GisDataDaoTest" time="0.589"/>
  <testcase name="queryBrAnnotationDataLayersTest" classname="com.ISCAS.OneBeltOneRoad.dao.GisDataDaoTest" time="0">
    <skipped/>
  </testcase>
</testsuite>